/usr/local/bin/ruby extconf.rb 
checking for sqlite3.h... yes
checking for sqlite3_libversion_number() in -lsqlite3... yes
checking for rb_proc_arity()... yes
checking for sqlite3_initialize()... no
checking for sqlite3_backup_init()... no
checking for sqlite3_column_database_name()... no
checking for sqlite3_enable_load_extension()... no
checking for sqlite3_load_extension()... no
creating Makefile

make
compiling exception.c
compiling database.c
database.c: In function ‘initialize’:
database.c:47: error: ‘SQLITE_OPEN_READWRITE’ undeclared (first use in this function)
database.c:47: error: (Each undeclared identifier is reported only once
database.c:47: error: for each function it appears in.)
database.c:47: error: ‘SQLITE_OPEN_CREATE’ undeclared (first use in this function)
database.c:79: error: ‘SQLITE_OPEN_READONLY’ undeclared (first use in this function)
database.c:81: warning: implicit declaration of function ‘sqlite3_open_v2’
database.c: In function ‘set_sqlite3_func_result’:
database.c:285: error: ‘sqlite3_int64’ undeclared (first use in this function)
database.c:285: error: expected expression before ‘long’
database.c: In function ‘collation’:
database.c:628: warning: implicit declaration of function ‘sqlite3_create_collation_v2’
database.c: In function ‘load_extension’:
database.c:657: warning: implicit declaration of function ‘sqlite3_load_extension’
database.c: In function ‘enable_load_extension’:
database.c:678: warning: implicit declaration of function ‘sqlite3_enable_load_extension’
make: *** [database.o] Error 1
